<?xml version="1.0" encoding="UTF-8"?>
<!-- Generated by org.testng.reporters.JUnitXMLReporter -->
<testsuite hostname="DESKTOP-P7KCEMN" ignored="2" name="Test" tests="2" failures="0" timestamp="31 May 2021 10:40:00 GMT" time="4.543" errors="0">
  <testcase name="login_case" time="3.01" classname="testcases.Logincase"/>
  <testcase name="add_new_customers" time="1.476" classname="testcases.Add_customer"/>
  <testcase name="@BeforeSuite browsers" time="0.0" classname="common.Openbrowser">
    <ignored/>
  </testcase> <!-- @BeforeSuite browsers -->
  <testcase name="@AfterSuite closebrowser" time="0.0" classname="common.Openbrowser">
    <ignored/>
  </testcase> <!-- @AfterSuite closebrowser -->
</testsuite> <!-- Test -->
